<?xml version="1.0" encoding="UTF-8"?>
<!-- Generated by org.testng.reporters.JUnitReportReporter -->
<testsuite hostname="Ravish" failures="0" tests="1" name="com.mystoreTestCases.LoginPageTest" time="0.000" errors="0" timestamp="2023-12-29T19:57:45 IST" skipped="1">
  <testcase classname="com.mystoreTestCases.LoginPageTest" name="loginTest" time="0.000">
    <skipped/>
  </testcase> <!-- loginTest -->
  <system-out/>
</testsuite> <!-- com.mystoreTestCases.LoginPageTest -->
