<?xml version="1.0" encoding="UTF-8"?>
<!-- Generated by org.testng.reporters.JUnitReportReporter -->
<testsuite hostname="Ravish" failures="0" tests="2" name="com.mystoreTestCases.IndexPageTest" time="16.385" errors="0" timestamp="2023-12-29T20:03:32 IST" skipped="0">
  <testcase classname="com.mystoreTestCases.IndexPageTest" name="verifyLogo" time="7.099"/>
  <system-out/>
  <testcase classname="com.mystoreTestCases.IndexPageTest" name="verifyTitle" time="9.286"/>
  <system-out/>
</testsuite> <!-- com.mystoreTestCases.IndexPageTest -->
